C:\USERS\OLIVER\DESKTOP\GAMEOFLIFE\GAMEOFLIFE\DEBUG\GAMEOFLIFE.OBJ
C:\USERS\OLIVER\DESKTOP\GAMEOFLIFE\GAMEOFLIFE\DEBUG\STDAFX.OBJ
C:\USERS\OLIVER\DESKTOP\GAMEOFLIFE\GAMEOFLIFE\DEBUG\TIMER.OBJ
C:\USERS\OLIVER\DESKTOP\GAMEOFLIFE\GAMEOFLIFE\DEBUG\VC110.PDB
C:\USERS\OLIVER\DESKTOP\GAMEOFLIFE\GAMEOFLIFE\DEBUG\BOARD.OBJ
C:\USERS\OLIVER\DESKTOP\GAMEOFLIFE\GAMEOFLIFE\DEBUG\BOARDMANAGER.OBJ
C:\USERS\OLIVER\DESKTOP\GAMEOFLIFE\GAMEOFLIFE\DEBUG\BOARDDATA.OBJ
C:\USERS\OLIVER\DESKTOP\GAMEOFLIFE\GAMEOFLIFE\DEBUG\LOGICSEQ.OBJ
C:\USERS\OLIVER\DESKTOP\GAMEOFLIFE\GAMEOFLIFE\DEBUG\ILOGIC.OBJ
C:\USERS\OLIVER\DESKTOP\GAMEOFLIFE\DEBUG\GAMEOFLIFE.ILK
C:\USERS\OLIVER\DESKTOP\GAMEOFLIFE\DEBUG\GAMEOFLIFE.EXE
C:\USERS\OLIVER\DESKTOP\GAMEOFLIFE\DEBUG\GAMEOFLIFE.PDB
C:\Users\Oliver\Desktop\GameOfLife\GameOfLife\Debug\Board.obj
C:\Users\Oliver\Desktop\GameOfLife\GameOfLife\Debug\BoardData.obj
C:\Users\Oliver\Desktop\GameOfLife\GameOfLife\Debug\BoardManager.obj
C:\Users\Oliver\Desktop\GameOfLife\GameOfLife\Debug\GameOfLife.obj
C:\Users\Oliver\Desktop\GameOfLife\GameOfLife\Debug\ILogic.obj
C:\Users\Oliver\Desktop\GameOfLife\GameOfLife\Debug\LogicSEQ.obj
C:\Users\Oliver\Desktop\GameOfLife\GameOfLife\Debug\stdafx.obj
C:\Users\Oliver\Desktop\GameOfLife\GameOfLife\Debug\Timer.obj
C:\Users\Oliver\Desktop\GameOfLife\GameOfLife\Debug\cl.command.1.tlog
C:\Users\Oliver\Desktop\GameOfLife\GameOfLife\Debug\CL.read.1.tlog
C:\Users\Oliver\Desktop\GameOfLife\GameOfLife\Debug\CL.write.1.tlog
C:\Users\Oliver\Desktop\GameOfLife\GameOfLife\Debug\link-cvtres.read.1.tlog
C:\Users\Oliver\Desktop\GameOfLife\GameOfLife\Debug\link-cvtres.write.1.tlog
C:\Users\Oliver\Desktop\GameOfLife\GameOfLife\Debug\link-rc.read.1.tlog
C:\Users\Oliver\Desktop\GameOfLife\GameOfLife\Debug\link-rc.write.1.tlog
C:\Users\Oliver\Desktop\GameOfLife\GameOfLife\Debug\link.1124-cvtres.read.1.tlog
C:\Users\Oliver\Desktop\GameOfLife\GameOfLife\Debug\link.1124-cvtres.write.1.tlog
C:\Users\Oliver\Desktop\GameOfLife\GameOfLife\Debug\link.1124-rc.read.1.tlog
C:\Users\Oliver\Desktop\GameOfLife\GameOfLife\Debug\link.1124-rc.write.1.tlog
C:\Users\Oliver\Desktop\GameOfLife\GameOfLife\Debug\link.1124.read.1.tlog
C:\Users\Oliver\Desktop\GameOfLife\GameOfLife\Debug\link.1124.write.1.tlog
C:\Users\Oliver\Desktop\GameOfLife\GameOfLife\Debug\link.2620-cvtres.read.1.tlog
C:\Users\Oliver\Desktop\GameOfLife\GameOfLife\Debug\link.2620-cvtres.write.1.tlog
C:\Users\Oliver\Desktop\GameOfLife\GameOfLife\Debug\link.2620-rc.read.1.tlog
C:\Users\Oliver\Desktop\GameOfLife\GameOfLife\Debug\link.2620-rc.write.1.tlog
C:\Users\Oliver\Desktop\GameOfLife\GameOfLife\Debug\link.2620.read.1.tlog
C:\Users\Oliver\Desktop\GameOfLife\GameOfLife\Debug\link.2620.write.1.tlog
C:\Users\Oliver\Desktop\GameOfLife\GameOfLife\Debug\link.3888-cvtres.read.1.tlog
C:\Users\Oliver\Desktop\GameOfLife\GameOfLife\Debug\link.3888-cvtres.write.1.tlog
C:\Users\Oliver\Desktop\GameOfLife\GameOfLife\Debug\link.3888-rc.read.1.tlog
C:\Users\Oliver\Desktop\GameOfLife\GameOfLife\Debug\link.3888-rc.write.1.tlog
C:\Users\Oliver\Desktop\GameOfLife\GameOfLife\Debug\link.3888.read.1.tlog
C:\Users\Oliver\Desktop\GameOfLife\GameOfLife\Debug\link.3888.write.1.tlog
C:\Users\Oliver\Desktop\GameOfLife\GameOfLife\Debug\link.4616-cvtres.read.1.tlog
C:\Users\Oliver\Desktop\GameOfLife\GameOfLife\Debug\link.4616-cvtres.write.1.tlog
C:\Users\Oliver\Desktop\GameOfLife\GameOfLife\Debug\link.4616-rc.read.1.tlog
C:\Users\Oliver\Desktop\GameOfLife\GameOfLife\Debug\link.4616-rc.write.1.tlog
C:\Users\Oliver\Desktop\GameOfLife\GameOfLife\Debug\link.4616.read.1.tlog
C:\Users\Oliver\Desktop\GameOfLife\GameOfLife\Debug\link.4616.write.1.tlog
C:\Users\Oliver\Desktop\GameOfLife\GameOfLife\Debug\link.5868-cvtres.read.1.tlog
C:\Users\Oliver\Desktop\GameOfLife\GameOfLife\Debug\link.5868-cvtres.write.1.tlog
C:\Users\Oliver\Desktop\GameOfLife\GameOfLife\Debug\link.5868-rc.read.1.tlog
C:\Users\Oliver\Desktop\GameOfLife\GameOfLife\Debug\link.5868-rc.write.1.tlog
C:\Users\Oliver\Desktop\GameOfLife\GameOfLife\Debug\link.5868.read.1.tlog
C:\Users\Oliver\Desktop\GameOfLife\GameOfLife\Debug\link.5868.write.1.tlog
C:\Users\Oliver\Desktop\GameOfLife\GameOfLife\Debug\link.6020-cvtres.read.1.tlog
C:\Users\Oliver\Desktop\GameOfLife\GameOfLife\Debug\link.6020-cvtres.write.1.tlog
C:\Users\Oliver\Desktop\GameOfLife\GameOfLife\Debug\link.6020-rc.read.1.tlog
C:\Users\Oliver\Desktop\GameOfLife\GameOfLife\Debug\link.6020-rc.write.1.tlog
C:\Users\Oliver\Desktop\GameOfLife\GameOfLife\Debug\link.6020.read.1.tlog
C:\Users\Oliver\Desktop\GameOfLife\GameOfLife\Debug\link.6020.write.1.tlog
C:\Users\Oliver\Desktop\GameOfLife\GameOfLife\Debug\link.6680-cvtres.read.1.tlog
C:\Users\Oliver\Desktop\GameOfLife\GameOfLife\Debug\link.6680-cvtres.write.1.tlog
C:\Users\Oliver\Desktop\GameOfLife\GameOfLife\Debug\link.6680-rc.read.1.tlog
C:\Users\Oliver\Desktop\GameOfLife\GameOfLife\Debug\link.6680-rc.write.1.tlog
C:\Users\Oliver\Desktop\GameOfLife\GameOfLife\Debug\link.6680.read.1.tlog
C:\Users\Oliver\Desktop\GameOfLife\GameOfLife\Debug\link.6680.write.1.tlog
C:\Users\Oliver\Desktop\GameOfLife\GameOfLife\Debug\link.6828-cvtres.read.1.tlog
C:\Users\Oliver\Desktop\GameOfLife\GameOfLife\Debug\link.6828-cvtres.write.1.tlog
C:\Users\Oliver\Desktop\GameOfLife\GameOfLife\Debug\link.6828-rc.read.1.tlog
C:\Users\Oliver\Desktop\GameOfLife\GameOfLife\Debug\link.6828-rc.write.1.tlog
C:\Users\Oliver\Desktop\GameOfLife\GameOfLife\Debug\link.6828.read.1.tlog
C:\Users\Oliver\Desktop\GameOfLife\GameOfLife\Debug\link.6828.write.1.tlog
C:\Users\Oliver\Desktop\GameOfLife\GameOfLife\Debug\link.6956-cvtres.read.1.tlog
C:\Users\Oliver\Desktop\GameOfLife\GameOfLife\Debug\link.6956-cvtres.write.1.tlog
C:\Users\Oliver\Desktop\GameOfLife\GameOfLife\Debug\link.6956-rc.read.1.tlog
C:\Users\Oliver\Desktop\GameOfLife\GameOfLife\Debug\link.6956-rc.write.1.tlog
C:\Users\Oliver\Desktop\GameOfLife\GameOfLife\Debug\link.6956.read.1.tlog
C:\Users\Oliver\Desktop\GameOfLife\GameOfLife\Debug\link.6956.write.1.tlog
C:\Users\Oliver\Desktop\GameOfLife\GameOfLife\Debug\link.7004-cvtres.read.1.tlog
C:\Users\Oliver\Desktop\GameOfLife\GameOfLife\Debug\link.7004-cvtres.write.1.tlog
C:\Users\Oliver\Desktop\GameOfLife\GameOfLife\Debug\link.7004-rc.read.1.tlog
C:\Users\Oliver\Desktop\GameOfLife\GameOfLife\Debug\link.7004-rc.write.1.tlog
C:\Users\Oliver\Desktop\GameOfLife\GameOfLife\Debug\link.7004.read.1.tlog
C:\Users\Oliver\Desktop\GameOfLife\GameOfLife\Debug\link.7004.write.1.tlog
C:\Users\Oliver\Desktop\GameOfLife\GameOfLife\Debug\link.7136-cvtres.read.1.tlog
C:\Users\Oliver\Desktop\GameOfLife\GameOfLife\Debug\link.7136-cvtres.write.1.tlog
C:\Users\Oliver\Desktop\GameOfLife\GameOfLife\Debug\link.7136-rc.read.1.tlog
C:\Users\Oliver\Desktop\GameOfLife\GameOfLife\Debug\link.7136-rc.write.1.tlog
C:\Users\Oliver\Desktop\GameOfLife\GameOfLife\Debug\link.7136.read.1.tlog
C:\Users\Oliver\Desktop\GameOfLife\GameOfLife\Debug\link.7136.write.1.tlog
C:\Users\Oliver\Desktop\GameOfLife\GameOfLife\Debug\link.7456-cvtres.read.1.tlog
C:\Users\Oliver\Desktop\GameOfLife\GameOfLife\Debug\link.7456-cvtres.write.1.tlog
C:\Users\Oliver\Desktop\GameOfLife\GameOfLife\Debug\link.7456-rc.read.1.tlog
C:\Users\Oliver\Desktop\GameOfLife\GameOfLife\Debug\link.7456-rc.write.1.tlog
C:\Users\Oliver\Desktop\GameOfLife\GameOfLife\Debug\link.7456.read.1.tlog
C:\Users\Oliver\Desktop\GameOfLife\GameOfLife\Debug\link.7456.write.1.tlog
C:\Users\Oliver\Desktop\GameOfLife\GameOfLife\Debug\link.8096-cvtres.read.1.tlog
C:\Users\Oliver\Desktop\GameOfLife\GameOfLife\Debug\link.8096-cvtres.write.1.tlog
C:\Users\Oliver\Desktop\GameOfLife\GameOfLife\Debug\link.8096-rc.read.1.tlog
C:\Users\Oliver\Desktop\GameOfLife\GameOfLife\Debug\link.8096-rc.write.1.tlog
C:\Users\Oliver\Desktop\GameOfLife\GameOfLife\Debug\link.8096.read.1.tlog
C:\Users\Oliver\Desktop\GameOfLife\GameOfLife\Debug\link.8096.write.1.tlog
C:\Users\Oliver\Desktop\GameOfLife\GameOfLife\Debug\link.command.1.tlog
C:\Users\Oliver\Desktop\GameOfLife\GameOfLife\Debug\link.read.1.tlog
C:\Users\Oliver\Desktop\GameOfLife\GameOfLife\Debug\link.write.1.tlog
C:\Users\Oliver\Desktop\GameOfLife\GameOfLife\Debug\vc110.idb
C:\Users\Oliver\Desktop\GameOfLife\GameOfLife\Debug\vc110.pdb
C:\Users\Oliver\Desktop\GameOfLife\Debug\GameOfLife.pdb
C:\Users\Oliver\Desktop\GameOfLife\Debug\GameOfLife.exe
C:\Users\Oliver\Desktop\GameOfLife\Debug\GameOfLife.ilk
