C:\USERS\OLIVER\DESKTOP\GAMEOFLIFE\GAMEOFLIFE\RELEASE\TIMER.OBJ
C:\USERS\OLIVER\DESKTOP\GAMEOFLIFE\GAMEOFLIFE\RELEASE\STDAFX.OBJ
C:\USERS\OLIVER\DESKTOP\GAMEOFLIFE\GAMEOFLIFE\RELEASE\LOGICSEQ.OBJ
C:\USERS\OLIVER\DESKTOP\GAMEOFLIFE\GAMEOFLIFE\RELEASE\GAMEOFLIFE.OBJ
C:\USERS\OLIVER\DESKTOP\GAMEOFLIFE\GAMEOFLIFE\RELEASE\BOARDMANAGER.OBJ
C:\USERS\OLIVER\DESKTOP\GAMEOFLIFE\GAMEOFLIFE\RELEASE\BOARDDATA.OBJ
C:\USERS\OLIVER\DESKTOP\GAMEOFLIFE\GAMEOFLIFE\RELEASE\VC110.PDB
C:\USERS\OLIVER\DESKTOP\GAMEOFLIFE\GAMEOFLIFE\RELEASE\LOGICSEQ2.OBJ
C:\USERS\OLIVER\DESKTOP\GAMEOFLIFE\RELEASE\GAMEOFLIFE.EXE
C:\USERS\OLIVER\DESKTOP\GAMEOFLIFE\RELEASE\GAMEOFLIFE.PDB
C:\Users\Oliver\Desktop\GameOfLife\GameOfLife\Release\BoardData.obj
C:\Users\Oliver\Desktop\GameOfLife\GameOfLife\Release\BoardManager.obj
C:\Users\Oliver\Desktop\GameOfLife\GameOfLife\Release\GameOfLife.obj
C:\Users\Oliver\Desktop\GameOfLife\GameOfLife\Release\LogicSEQ.obj
C:\Users\Oliver\Desktop\GameOfLife\GameOfLife\Release\LogicSEQ2.obj
C:\Users\Oliver\Desktop\GameOfLife\GameOfLife\Release\stdafx.obj
C:\Users\Oliver\Desktop\GameOfLife\GameOfLife\Release\Timer.obj
C:\Users\Oliver\Desktop\GameOfLife\GameOfLife\Release\cl.command.1.tlog
C:\Users\Oliver\Desktop\GameOfLife\GameOfLife\Release\CL.read.1.tlog
C:\Users\Oliver\Desktop\GameOfLife\GameOfLife\Release\CL.write.1.tlog
C:\Users\Oliver\Desktop\GameOfLife\GameOfLife\Release\link-cvtres.read.1.tlog
C:\Users\Oliver\Desktop\GameOfLife\GameOfLife\Release\link-cvtres.write.1.tlog
C:\Users\Oliver\Desktop\GameOfLife\GameOfLife\Release\link-rc.read.1.tlog
C:\Users\Oliver\Desktop\GameOfLife\GameOfLife\Release\link-rc.write.1.tlog
C:\Users\Oliver\Desktop\GameOfLife\GameOfLife\Release\link.command.1.tlog
C:\Users\Oliver\Desktop\GameOfLife\GameOfLife\Release\link.read.1.tlog
C:\Users\Oliver\Desktop\GameOfLife\GameOfLife\Release\link.write.1.tlog
C:\Users\Oliver\Desktop\GameOfLife\GameOfLife\Release\vc110.pdb
C:\Users\Oliver\Desktop\GameOfLife\Release\GameOfLife.pdb
C:\Users\Oliver\Desktop\GameOfLife\Release\GameOfLife.exe
